# JRE version: OpenJDK Runtime Environment Temurin-21.0.11+10 (21.0.11+10) (build 21.0.11+10-LTS)
# Java VM: OpenJDK 64-Bit Server VM Temurin-21.0.11+10 (21.0.11+10-LTS, mixed mode, sharing, tiered, compressed oops, compressed class ptrs, parallel gc, windows-amd64)
GC Precious Log:
 CardTable entry size: 512
 CPUs: 12 total, 12 available
 Memory: 16076M
 Large Page Support: Disabled
 NUMA Support: Disabled
 Compressed Oops: Enabled (32-bit)
 Alignments: Space 512K, Generation 512K, Heap 2M
 Heap Min Capacity: 100M
 Heap Initial Capacity: 100M
 Heap Max Capacity: 2G
 Pre-touch: Disabled
 Parallel Workers: 10
Heap:
 PSYoungGen      total 9728K, used 2615K [0x00000000d5580000, 0x00000000d6380000, 0x0000000100000000)
  eden space 9216K, 25% used [0x00000000d5580000,0x00000000d57cde68,0x00000000d5e80000)
  from space 512K, 50% used [0x00000000d6280000,0x00000000d62c0000,0x00000000d6300000)
  to   space 512K, 0% used [0x00000000d6300000,0x00000000d6300000,0x00000000d6380000)
 ParOldGen       total 1211392K, used 1211179K [0x0000000080000000, 0x00000000c9f00000, 0x00000000d5580000)
  object space 1211392K, 99% used [0x0000000080000000,0x00000000c9ecae90,0x00000000c9f00000)
 Metaspace       used 85463K, committed 87232K, reserved 1179648K
  class space    used 8702K, committed 9472K, reserved 1048576K
GC Heap History (20 events):
Event: 792.106 GC heap before
{Heap before GC invocations=2557 (full 4):
 PSYoungGen      total 12800K, used 12768K [0x00000000d5580000, 0x00000000d7100000, 0x0000000100000000)
  eden space 7680K, 99% used [0x00000000d5580000,0x00000000d5cfa4e8,0x00000000d5d00000)
  from space 5120K, 99% used [0x00000000d5d00000,0x00000000d61fdde0,0x00000000d6200000)
  to   space 10240K, 0% used [0x00000000d6700000,0x00000000d6700000,0x00000000d7100000)
 ParOldGen       total 1195008K, used 1194617K [0x0000000080000000, 0x00000000c8f00000, 0x00000000d5580000)
  object space 1195008K, 99% used [0x0000000080000000,0x00000000c8e9e788,0x00000000c8f00000)
 Metaspace       used 85145K, committed 86912K, reserved 1179648K
  class space    used 8671K, committed 9472K, reserved 1048576K
}
Event: 792.111 GC heap after
{Heap after GC invocations=2557 (full 4):
 PSYoungGen      total 16896K, used 7328K [0x00000000d5580000, 0x00000000d6e80000, 0x0000000100000000)
  eden space 9216K, 0% used [0x00000000d5580000,0x00000000d5580000,0x00000000d5e80000)
  from space 7680K, 95% used [0x00000000d6700000,0x00000000d6e28000,0x00000000d6e80000)
  to   space 8192K, 0% used [0x00000000d5e80000,0x00000000d5e80000,0x00000000d6680000)
 ParOldGen       total 1201152K, used 1200672K [0x0000000080000000, 0x00000000c9500000, 0x00000000d5580000)
  object space 1201152K, 99% used [0x0000000080000000,0x00000000c9488348,0x00000000c9500000)
 Metaspace       used 85145K, committed 86912K, reserved 1179648K
  class space    used 8671K, committed 9472K, reserved 1048576K
}
Event: 792.199 GC heap before
{Heap before GC invocations=2558 (full 4):
 PSYoungGen      total 16896K, used 15831K [0x00000000d5580000, 0x00000000d6e80000, 0x0000000100000000)
  eden space 9216K, 92% used [0x00000000d5580000,0x00000000d5dcdc78,0x00000000d5e80000)
  from space 7680K, 95% used [0x00000000d6700000,0x00000000d6e28000,0x00000000d6e80000)
  to   space 8192K, 0% used [0x00000000d5e80000,0x00000000d5e80000,0x00000000d6680000)
 ParOldGen       total 1201152K, used 1200672K [0x0000000080000000, 0x00000000c9500000, 0x00000000d5580000)
  object space 1201152K, 99% used [0x0000000080000000,0x00000000c9488348,0x00000000c9500000)
 Metaspace       used 85145K, committed 86912K, reserved 1179648K
  class space    used 8671K, committed 9472K, reserved 1048576K
}
Event: 792.209 GC heap after
{Heap after GC invocations=2558 (full 4):
 PSYoungGen      total 13312K, used 3746K [0x00000000d5580000, 0x00000000d6980000, 0x0000000100000000)
  eden space 9216K, 0% used [0x00000000d5580000,0x00000000d5580000,0x00000000d5e80000)
  from space 4096K, 91% used [0x00000000d5e80000,0x00000000d6228a18,0x00000000d6280000)
  to   space 5632K, 0% used [0x00000000d6400000,0x00000000d6400000,0x00000000d6980000)
 ParOldGen       total 1207808K, used 1207416K [0x0000000080000000, 0x00000000c9b80000, 0x00000000d5580000)
  object space 1207808K, 99% used [0x0000000080000000,0x00000000c9b1e348,0x00000000c9b80000)
 Metaspace       used 85145K, committed 86912K, reserved 1179648K
  class space    used 8671K, committed 9472K, reserved 1048576K
}
Event: 793.038 GC heap before
{Heap before GC invocations=2559 (full 4):
 PSYoungGen      total 13312K, used 12962K [0x00000000d5580000, 0x00000000d6980000, 0x0000000100000000)
  eden space 9216K, 100% used [0x00000000d5580000,0x00000000d5e80000,0x00000000d5e80000)
  from space 4096K, 91% used [0x00000000d5e80000,0x00000000d6228a18,0x00000000d6280000)
  to   space 5632K, 0% used [0x00000000d6400000,0x00000000d6400000,0x00000000d6980000)
 ParOldGen       total 1207808K, used 1207416K [0x0000000080000000, 0x00000000c9b80000, 0x00000000d5580000)
  object space 1207808K, 99% used [0x0000000080000000,0x00000000c9b1e348,0x00000000c9b80000)
 Metaspace       used 85149K, committed 86912K, reserved 1179648K
  class space    used 8671K, committed 9472K, reserved 1048576K
}
Event: 793.049 GC heap after
{Heap after GC invocations=2559 (full 4):
 PSYoungGen      total 11264K, used 1773K [0x00000000d5580000, 0x00000000d6600000, 0x0000000100000000)
  eden space 9216K, 0% used [0x00000000d5580000,0x00000000d5580000,0x00000000d5e80000)
  from space 2048K, 86% used [0x00000000d6400000,0x00000000d65bb5b8,0x00000000d6600000)
  to   space 3072K, 0% used [0x00000000d6000000,0x00000000d6000000,0x00000000d6300000)
 ParOldGen       total 1209344K, used 1209311K [0x0000000080000000, 0x00000000c9d00000, 0x00000000d5580000)
  object space 1209344K, 99% used [0x0000000080000000,0x00000000c9cf7cb0,0x00000000c9d00000)
 Metaspace       used 85149K, committed 86912K, reserved 1179648K
  class space    used 8671K, committed 9472K, reserved 1048576K
}
Event: 956.646 GC heap before
{Heap before GC invocations=2560 (full 4):
 PSYoungGen      total 11264K, used 10989K [0x00000000d5580000, 0x00000000d6600000, 0x0000000100000000)
  eden space 9216K, 99% used [0x00000000d5580000,0x00000000d5e7feb8,0x00000000d5e80000)
  from space 2048K, 86% used [0x00000000d6400000,0x00000000d65bb5b8,0x00000000d6600000)
  to   space 3072K, 0% used [0x00000000d6000000,0x00000000d6000000,0x00000000d6300000)
 ParOldGen       total 1209344K, used 1209311K [0x0000000080000000, 0x00000000c9d00000, 0x00000000d5580000)
  object space 1209344K, 99% used [0x0000000080000000,0x00000000c9cf7cb0,0x00000000c9d00000)
 Metaspace       used 85156K, committed 86912K, reserved 1179648K
  class space    used 8672K, committed 9472K, reserved 1048576K
}
Event: 956.649 GC heap after
{Heap after GC invocations=2560 (full 4):
 PSYoungGen      total 12288K, used 512K [0x00000000d5580000, 0x00000000d6480000, 0x0000000100000000)
  eden space 9216K, 0% used [0x00000000d5580000,0x00000000d5580000,0x00000000d5e80000)
  from space 3072K, 16% used [0x00000000d6000000,0x00000000d6080000,0x00000000d6300000)
  to   space 1536K, 0% used [0x00000000d6300000,0x00000000d6300000,0x00000000d6480000)
 ParOldGen       total 1210880K, used 1210568K [0x0000000080000000, 0x00000000c9e80000, 0x00000000d5580000)
  object space 1210880K, 99% used [0x0000000080000000,0x00000000c9e32190,0x00000000c9e80000)
 Metaspace       used 85156K, committed 86912K, reserved 1179648K
  class space    used 8672K, committed 9472K, reserved 1048576K
}
Event: 964.646 GC heap before
{Heap before GC invocations=2561 (full 4):
 PSYoungGen      total 12288K, used 9728K [0x00000000d5580000, 0x00000000d6480000, 0x0000000100000000)
  eden space 9216K, 100% used [0x00000000d5580000,0x00000000d5e80000,0x00000000d5e80000)
  from space 3072K, 16% used [0x00000000d6000000,0x00000000d6080000,0x00000000d6300000)
  to   space 1536K, 0% used [0x00000000d6300000,0x00000000d6300000,0x00000000d6480000)
 ParOldGen       total 1210880K, used 1210568K [0x0000000080000000, 0x00000000c9e80000, 0x00000000d5580000)
  object space 1210880K, 99% used [0x0000000080000000,0x00000000c9e32190,0x00000000c9e80000)
 Metaspace       used 85167K, committed 86912K, reserved 1179648K
  class space    used 8672K, committed 9472K, reserved 1048576K
}
Event: 964.651 GC heap after
{Heap after GC invocations=2561 (full 4):
 PSYoungGen      total 9728K, used 384K [0x00000000d5580000, 0x00000000d6380000, 0x0000000100000000)
  eden space 9216K, 0% used [0x00000000d5580000,0x00000000d5580000,0x00000000d5e80000)
  from space 512K, 75% used [0x00000000d6300000,0x00000000d6360000,0x00000000d6380000)
  to   space 1024K, 0% used [0x00000000d6180000,0x00000000d6180000,0x00000000d6280000)
 ParOldGen       total 1211392K, used 1210907K [0x0000000080000000, 0x00000000c9f00000, 0x00000000d5580000)
  object space 1211392K, 99% used [0x0000000080000000,0x00000000c9e86e70,0x00000000c9f00000)
 Metaspace       used 85167K, committed 86912K, reserved 1179648K
  class space    used 8672K, committed 9472K, reserved 1048576K
}
Event: 1063.778 GC heap before
{Heap before GC invocations=2562 (full 4):
 PSYoungGen      total 9728K, used 9593K [0x00000000d5580000, 0x00000000d6380000, 0x0000000100000000)
  eden space 9216K, 99% used [0x00000000d5580000,0x00000000d5e7e758,0x00000000d5e80000)
  from space 512K, 75% used [0x00000000d6300000,0x00000000d6360000,0x00000000d6380000)
  to   space 1024K, 0% used [0x00000000d6180000,0x00000000d6180000,0x00000000d6280000)
 ParOldGen       total 1211392K, used 1210907K [0x0000000080000000, 0x00000000c9f00000, 0x00000000d5580000)
  object space 1211392K, 99% used [0x0000000080000000,0x00000000c9e86e70,0x00000000c9f00000)
 Metaspace       used 85198K, committed 86976K, reserved 1179648K
  class space    used 8672K, committed 9472K, reserved 1048576K
}
Event: 1063.785 GC heap after
{Heap after GC invocations=2562 (full 4):
 PSYoungGen      total 10240K, used 246K [0x00000000d5580000, 0x00000000d6380000, 0x0000000100000000)
  eden space 9216K, 0% used [0x00000000d5580000,0x00000000d5580000,0x00000000d5e80000)
  from space 1024K, 24% used [0x00000000d6180000,0x00000000d61bd810,0x00000000d6280000)
  to   space 512K, 0% used [0x00000000d6300000,0x00000000d6300000,0x00000000d6380000)
 ParOldGen       total 1211392K, used 1210987K [0x0000000080000000, 0x00000000c9f00000, 0x00000000d5580000)
  object space 1211392K, 99% used [0x0000000080000000,0x00000000c9e9ae70,0x00000000c9f00000)
 Metaspace       used 85198K, committed 86976K, reserved 1179648K
  class space    used 8672K, committed 9472K, reserved 1048576K
}
Event: 1290.971 GC heap before
{Heap before GC invocations=2563 (full 4):
 PSYoungGen      total 10240K, used 9342K [0x00000000d5580000, 0x00000000d6380000, 0x0000000100000000)
  eden space 9216K, 98% used [0x00000000d5580000,0x00000000d5e622f8,0x00000000d5e80000)
  from space 1024K, 24% used [0x00000000d6180000,0x00000000d61bd810,0x00000000d6280000)
  to   space 512K, 0% used [0x00000000d6300000,0x00000000d6300000,0x00000000d6380000)
 ParOldGen       total 1211392K, used 1210987K [0x0000000080000000, 0x00000000c9f00000, 0x00000000d5580000)
  object space 1211392K, 99% used [0x0000000080000000,0x00000000c9e9ae70,0x00000000c9f00000)
 Metaspace       used 85266K, committed 86976K, reserved 1179648K
  class space    used 8677K, committed 9472K, reserved 1048576K
}
Event: 1291.261 GC heap after
{Heap after GC invocations=2563 (full 4):
 PSYoungGen      total 9728K, used 320K [0x00000000d5580000, 0x00000000d6380000, 0x0000000100000000)
  eden space 9216K, 0% used [0x00000000d5580000,0x00000000d5580000,0x00000000d5e80000)
  from space 512K, 62% used [0x00000000d6300000,0x00000000d6350000,0x00000000d6380000)
  to   space 512K, 0% used [0x00000000d6280000,0x00000000d6280000,0x00000000d6300000)
 ParOldGen       total 1211392K, used 1211035K [0x0000000080000000, 0x00000000c9f00000, 0x00000000d5580000)
  object space 1211392K, 99% used [0x0000000080000000,0x00000000c9ea6e70,0x00000000c9f00000)
 Metaspace       used 85266K, committed 86976K, reserved 1179648K
  class space    used 8677K, committed 9472K, reserved 1048576K
}
Event: 1292.167 GC heap before
{Heap before GC invocations=2564 (full 4):
 PSYoungGen      total 9728K, used 9530K [0x00000000d5580000, 0x00000000d6380000, 0x0000000100000000)
  eden space 9216K, 99% used [0x00000000d5580000,0x00000000d5e7e810,0x00000000d5e80000)
  from space 512K, 62% used [0x00000000d6300000,0x00000000d6350000,0x00000000d6380000)
  to   space 512K, 0% used [0x00000000d6280000,0x00000000d6280000,0x00000000d6300000)
 ParOldGen       total 1211392K, used 1211035K [0x0000000080000000, 0x00000000c9f00000, 0x00000000d5580000)
  object space 1211392K, 99% used [0x0000000080000000,0x00000000c9ea6e70,0x00000000c9f00000)
 Metaspace       used 85266K, committed 86976K, reserved 1179648K
  class space    used 8677K, committed 9472K, reserved 1048576K
}
Event: 1292.180 GC heap after
{Heap after GC invocations=2564 (full 4):
 PSYoungGen      total 9728K, used 256K [0x00000000d5580000, 0x00000000d6380000, 0x0000000100000000)
  eden space 9216K, 0% used [0x00000000d5580000,0x00000000d5580000,0x00000000d5e80000)
  from space 512K, 50% used [0x00000000d6280000,0x00000000d62c0000,0x00000000d6300000)
  to   space 512K, 0% used [0x00000000d6300000,0x00000000d6300000,0x00000000d6380000)
 ParOldGen       total 1211392K, used 1211099K [0x0000000080000000, 0x00000000c9f00000, 0x00000000d5580000)
  object space 1211392K, 99% used [0x0000000080000000,0x00000000c9eb6e90,0x00000000c9f00000)
 Metaspace       used 85266K, committed 86976K, reserved 1179648K
  class space    used 8677K, committed 9472K, reserved 1048576K
}
Event: 1293.298 GC heap before
{Heap before GC invocations=2565 (full 4):
 PSYoungGen      total 9728K, used 9433K [0x00000000d5580000, 0x00000000d6380000, 0x0000000100000000)
  eden space 9216K, 99% used [0x00000000d5580000,0x00000000d5e764b0,0x00000000d5e80000)
  from space 512K, 50% used [0x00000000d6280000,0x00000000d62c0000,0x00000000d6300000)
  to   space 512K, 0% used [0x00000000d6300000,0x00000000d6300000,0x00000000d6380000)
 ParOldGen       total 1211392K, used 1211099K [0x0000000080000000, 0x00000000c9f00000, 0x00000000d5580000)
  object space 1211392K, 99% used [0x0000000080000000,0x00000000c9eb6e90,0x00000000c9f00000)
 Metaspace       used 85267K, committed 87040K, reserved 1179648K
  class space    used 8677K, committed 9472K, reserved 1048576K
}
Event: 1293.302 GC heap after
{Heap after GC invocations=2565 (full 4):
 PSYoungGen      total 9728K, used 224K [0x00000000d5580000, 0x00000000d6380000, 0x0000000100000000)
  eden space 9216K, 0% used [0x00000000d5580000,0x00000000d5580000,0x00000000d5e80000)
  from space 512K, 43% used [0x00000000d6300000,0x00000000d6338000,0x00000000d6380000)
  to   space 512K, 0% used [0x00000000d6280000,0x00000000d6280000,0x00000000d6300000)
 ParOldGen       total 1211392K, used 1211147K [0x0000000080000000, 0x00000000c9f00000, 0x00000000d5580000)
  object space 1211392K, 99% used [0x0000000080000000,0x00000000c9ec2e90,0x00000000c9f00000)
 Metaspace       used 85267K, committed 87040K, reserved 1179648K
  class space    used 8677K, committed 9472K, reserved 1048576K
}
Event: 1299.778 GC heap before
{Heap before GC invocations=2566 (full 4):
 PSYoungGen      total 9728K, used 9439K [0x00000000d5580000, 0x00000000d6380000, 0x0000000100000000)
  eden space 9216K, 99% used [0x00000000d5580000,0x00000000d5e7ffb8,0x00000000d5e80000)
  from space 512K, 43% used [0x00000000d6300000,0x00000000d6338000,0x00000000d6380000)
  to   space 512K, 0% used [0x00000000d6280000,0x00000000d6280000,0x00000000d6300000)
 ParOldGen       total 1211392K, used 1211147K [0x0000000080000000, 0x00000000c9f00000, 0x00000000d5580000)
  object space 1211392K, 99% used [0x0000000080000000,0x00000000c9ec2e90,0x00000000c9f00000)
 Metaspace       used 85352K, committed 87104K, reserved 1179648K
  class space    used 8689K, committed 9472K, reserved 1048576K
}
Event: 1299.787 GC heap after
{Heap after GC invocations=2566 (full 4):
 PSYoungGen      total 9728K, used 256K [0x00000000d5580000, 0x00000000d6380000, 0x0000000100000000)
  eden space 9216K, 0% used [0x00000000d5580000,0x00000000d5580000,0x00000000d5e80000)
  from space 512K, 50% used [0x00000000d6280000,0x00000000d62c0000,0x00000000d6300000)
  to   space 512K, 0% used [0x00000000d6300000,0x00000000d6300000,0x00000000d6380000)
 ParOldGen       total 1211392K, used 1211179K [0x0000000080000000, 0x00000000c9f00000, 0x00000000d5580000)
  object space 1211392K, 99% used [0x0000000080000000,0x00000000c9ecae90,0x00000000c9f00000)
 Metaspace       used 85352K, committed 87104K, reserved 1179648K
  class space    used 8689K, committed 9472K, reserved 1048576K
}

